{
  "RSpec": {
    "coverage": {
      "/Users/kaiserleo/repo/numertext/spec/array.rb": [
        null,
        null,
        1,
        null,
        null,
        null,
        null,
        null,
        null,
        null,
        null,
        null,
        null,
        null,
        null,
        null,
        null,
        null,
        null,
        null,
        null,
        null,
        null,
        null,
        null,
        null,
        null,
        null,
        null,
        null,
        null,
        null,
        null,
        null,
        null,
        null,
        null,
        null,
        null,
        null,
        null,
        null,
        null,
        null,
        null,
        null,
        null,
        null,
        null,
        null,
        null,
        null,
        null,
        null,
        null,
        null,
        null,
        null,
        null,
        null,
        null,
        null,
        null,
        null,
        null,
        null,
        null,
        null,
        null,
        null,
        null,
        null,
        null,
        null,
        null,
        null,
        null,
        null,
        null,
        null,
        null,
        null,
        null,
        null,
        null,
        null,
        null,
        null,
        null,
        null,
        null,
        null,
        null,
        null,
        null,
        null,
        null,
        null,
        null,
        null,
        null,
        null,
        null,
        null,
        null,
        null,
        null
      ],
      "/Users/kaiserleo/repo/numertext/lib/spanish_number.rb": [
        null,
        null,
        null,
        1,
        1,
        1,
        1,
        null,
        1,
        1,
        103,
        103,
        103,
        103,
        307,
        103,
        204,
        204,
        204,
        101,
        101,
        null,
        null,
        103,
        103,
        103,
        null,
        null,
        1,
        null,
        1,
        204,
        204,
        204,
        101,
        100,
        null,
        101,
        null,
        204,
        null,
        null,
        1,
        305,
        305,
        305,
        305,
        194,
        194,
        194,
        194,
        null,
        111,
        111,
        null,
        305,
        null,
        null,
        1,
        0,
        0,
        0,
        0,
        0,
        null,
        0,
        0,
        null,
        null
      ]
    },
    "timestamp": 1400173293
  }
}
