{
  "RSpec": {
    "coverage": {
      "/Users/rubenespinosaroldan/Documents/Projects/Ruby/spanish_number/spec/array.rb": [
        1,
        null,
        null,
        null,
        null,
        null,
        null,
        null,
        null,
        null,
        null,
        null,
        null,
        null,
        null,
        null,
        null,
        null,
        null,
        null,
        null,
        null,
        null,
        null,
        null,
        null,
        null,
        null,
        null,
        null,
        null,
        null,
        null,
        null,
        null,
        null,
        null,
        null,
        null,
        null,
        null,
        null,
        null,
        null,
        null,
        null,
        null,
        null,
        null,
        null,
        null,
        null,
        null,
        null,
        null,
        null,
        null,
        null,
        null,
        null,
        null,
        null,
        null,
        null,
        null,
        null,
        null,
        null,
        null,
        null,
        null,
        null,
        null,
        null,
        null,
        null,
        null,
        null,
        null,
        null,
        null,
        null,
        null,
        null,
        null,
        null,
        null,
        null,
        null,
        null,
        null,
        null,
        null,
        null,
        null,
        null,
        null,
        null,
        null,
        null,
        null,
        null,
        null
      ],
      "/Users/rubenespinosaroldan/Documents/Projects/Ruby/spanish_number/lib/spanish_number.rb": [
        null,
        null,
        null,
        1,
        1,
        1,
        1,
        null,
        1,
        1,
        101,
        101,
        101,
        101,
        303,
        101,
        202,
        202,
        202,
        101,
        101,
        null,
        null,
        101,
        101,
        101,
        null,
        null,
        1,
        null,
        1,
        202,
        202,
        202,
        101,
        100,
        null,
        101,
        null,
        202,
        null,
        null,
        1,
        303,
        303,
        303,
        303,
        194,
        194,
        194,
        194,
        null,
        109,
        109,
        null,
        303,
        null,
        null,
        1,
        0,
        0,
        0,
        0,
        0,
        null,
        0,
        0,
        null,
        null
      ]
    },
    "timestamp": 1400169103
  }
}
